<?xml version="1.0" encoding="UTF-8"?>
<!-- Generated by org.testng.reporters.JUnitReportReporter -->
<testsuite hostname="LAPTOP-IAQHS7UT" failures="0" tests="1" name="com.NN_project1.juiceShop.TC_AddToBasket" time="6.440" errors="0" timestamp="2022-06-29T22:51:09 PDT" skipped="0">
  <testcase classname="com.NN_project1.juiceShop.TC_AddToBasket" name="addToBasketAndVerify" time="6.440"/>
  <system-out/>
</testsuite> <!-- com.NN_project1.juiceShop.TC_AddToBasket -->
